TN:
SF:src/index.ts
FN:35,(anonymous_0)
FN:44,(anonymous_1)
FN:57,(anonymous_2)
FN:62,(anonymous_3)
FN:70,(anonymous_4)
FN:75,(anonymous_5)
FN:80,(anonymous_6)
FN:85,(anonymous_7)
FN:94,(anonymous_8)
FNF:9
FNH:0
FNDA:0,(anonymous_0)
FNDA:0,(anonymous_1)
FNDA:0,(anonymous_2)
FNDA:0,(anonymous_3)
FNDA:0,(anonymous_4)
FNDA:0,(anonymous_5)
FNDA:0,(anonymous_6)
FNDA:0,(anonymous_7)
FNDA:0,(anonymous_8)
DA:1,0
DA:2,0
DA:5,0
DA:17,0
DA:24,0
DA:27,0
DA:28,0
DA:29,0
DA:30,0
DA:31,0
DA:32,0
DA:35,0
DA:36,0
DA:44,0
DA:45,0
DA:54,0
DA:57,0
DA:58,0
DA:62,0
DA:63,0
DA:67,0
DA:70,0
DA:71,0
DA:75,0
DA:76,0
DA:80,0
DA:81,0
DA:85,0
DA:86,0
DA:90,0
DA:91,0
DA:94,0
DA:95,0
DA:104,0
LF:34
LH:0
BRF:0
BRH:0
end_of_record
TN:
SF:src/controllers/messageController.ts
FN:24,(anonymous_0)
FN:36,(anonymous_1)
FNF:2
FNH:0
FNDA:0,(anonymous_0)
FNDA:0,(anonymous_1)
DA:5,0
DA:12,0
DA:17,0
DA:25,0
DA:39,0
DA:41,0
DA:42,0
DA:49,0
DA:50,0
DA:56,0
DA:59,0
DA:65,0
DA:70,0
DA:74,0
DA:75,0
LF:15
LH:0
BRDA:41,0,0,0
BRDA:49,1,0,0
BRDA:65,2,0,0
BRDA:66,3,0,0
BRDA:66,3,1,0
BRDA:66,3,2,0
BRDA:74,4,0,0
BRDA:74,4,1,0
BRF:8
BRH:0
end_of_record
TN:
SF:src/db/index.ts
FN:9,getDb
FN:17,(anonymous_1)
FN:29,handleDatabaseError
FNF:3
FNH:0
FNDA:0,getDb
FNDA:0,(anonymous_1)
FNDA:0,handleDatabaseError
DA:1,0
DA:9,0
DA:10,0
DA:16,0
DA:17,0
DA:18,0
DA:19,0
DA:29,0
DA:30,0
DA:31,0
LF:10
LH:0
BRF:0
BRH:0
end_of_record
TN:
SF:src/db/schema.ts
FN:26,(anonymous_0)
FN:55,(anonymous_1)
FNF:2
FNH:0
FNDA:0,(anonymous_0)
FNDA:0,(anonymous_1)
DA:1,3
DA:6,3
DA:22,3
DA:26,0
DA:35,3
DA:51,3
DA:55,0
DA:65,3
LF:8
LH:6
BRF:0
BRH:0
end_of_record
TN:
SF:src/models/index.ts
FNF:0
FNH:0
DA:1,0
DA:2,0
DA:3,0
DA:4,0
DA:5,0
LF:5
LH:0
BRF:0
BRH:0
end_of_record
TN:
SF:src/models/message.ts
FN:35,(anonymous_0)
FN:37,(anonymous_1)
FNF:2
FNH:0
FNDA:0,(anonymous_0)
FNDA:0,(anonymous_1)
DA:6,0
DA:32,0
DA:33,0
DA:35,0
DA:38,0
DA:45,0
LF:6
LH:0
BRDA:38,0,0,0
BRDA:38,0,1,0
BRF:2
BRH:0
end_of_record
TN:
SF:src/models/note.ts
FN:6,(anonymous_0)
FNF:1
FNH:1
FNDA:1,(anonymous_0)
DA:1,1
DA:6,1
DA:7,1
DA:8,1
DA:9,1
DA:10,1
DA:43,1
DA:60,1
DA:82,1
LF:9
LH:9
BRDA:6,0,0,1
BRDA:6,0,1,1
BRF:2
BRH:2
end_of_record
TN:
SF:src/models/reminder.ts
FN:6,(anonymous_0)
FNF:1
FNH:1
FNDA:1,(anonymous_0)
DA:1,1
DA:6,1
DA:7,1
DA:8,1
DA:9,1
DA:10,1
DA:28,1
DA:47,1
DA:66,1
LF:9
LH:9
BRDA:6,0,0,1
BRDA:6,0,1,1
BRF:2
BRH:2
end_of_record
TN:
SF:src/models/schemas.ts
FN:64,formatZodError
FN:65,(anonymous_1)
FN:75,formatBatchErrors
FN:76,(anonymous_3)
FN:78,(anonymous_4)
FN:78,(anonymous_5)
FNF:6
FNH:0
FNDA:0,formatZodError
FNDA:0,(anonymous_1)
FNDA:0,formatBatchErrors
FNDA:0,(anonymous_3)
FNDA:0,(anonymous_4)
FNDA:0,(anonymous_5)
DA:1,0
DA:6,0
DA:42,0
DA:64,0
DA:65,0
DA:75,0
DA:76,0
DA:77,0
DA:78,0
DA:81,0
LF:10
LH:0
BRF:0
BRH:0
end_of_record
TN:
SF:src/models/task.ts
FN:6,(anonymous_0)
FN:16,(anonymous_1)
FN:97,(anonymous_2)
FNF:3
FNH:2
FNDA:1,(anonymous_0)
FNDA:1,(anonymous_1)
FNDA:0,(anonymous_2)
DA:1,1
DA:6,1
DA:7,1
DA:8,1
DA:9,1
DA:10,1
DA:16,1
DA:17,1
DA:18,1
DA:19,1
DA:20,1
DA:42,1
DA:69,1
DA:96,1
DA:97,0
LF:15
LH:14
BRDA:6,0,0,1
BRDA:6,0,1,1
BRDA:16,1,0,1
BRDA:16,1,1,1
BRF:4
BRH:4
end_of_record
TN:
SF:src/repositories/baseRepository.ts
FN:18,(anonymous_0)
FN:28,(anonymous_1)
FN:45,(anonymous_2)
FN:66,(anonymous_3)
FN:87,(anonymous_4)
FN:104,(anonymous_5)
FN:130,(anonymous_6)
FNF:7
FNH:3
FNDA:24,(anonymous_0)
FNDA:0,(anonymous_1)
FNDA:3,(anonymous_2)
FNDA:0,(anonymous_3)
FNDA:0,(anonymous_4)
FNDA:0,(anonymous_5)
FNDA:4,(anonymous_6)
DA:2,3
DA:3,3
DA:9,3
DA:19,24
DA:20,24
DA:29,0
DA:30,0
DA:31,0
DA:32,0
DA:34,0
DA:46,3
DA:47,3
DA:48,3
DA:54,3
DA:56,0
DA:67,0
DA:68,0
DA:69,0
DA:75,0
DA:77,0
DA:88,0
DA:89,0
DA:90,0
DA:91,0
DA:93,0
DA:105,0
DA:106,0
DA:107,0
DA:114,0
DA:115,0
DA:118,0
DA:120,0
DA:131,4
DA:132,4
DA:133,4
DA:139,4
DA:141,0
LF:37
LH:13
BRDA:75,0,0,0
BRDA:75,0,1,0
BRDA:114,1,0,0
BRF:3
BRH:0
end_of_record
TN:
SF:src/repositories/index.ts
FNF:0
FNH:0
DA:1,0
DA:2,0
DA:3,0
DA:4,0
LF:4
LH:0
BRF:0
BRH:0
end_of_record
TN:
SF:src/repositories/noteRepository.ts
FN:16,(anonymous_0)
FN:26,(anonymous_1)
FN:57,(anonymous_2)
FN:88,(anonymous_3)
FN:98,(anonymous_4)
FN:122,(anonymous_5)
FN:144,(anonymous_6)
FNF:7
FNH:5
FNDA:6,(anonymous_0)
FNDA:1,(anonymous_1)
FNDA:2,(anonymous_2)
FNDA:1,(anonymous_3)
FNDA:0,(anonymous_4)
FNDA:0,(anonymous_5)
FNDA:2,(anonymous_6)
DA:1,1
DA:3,1
DA:4,1
DA:5,1
DA:7,1
DA:12,1
DA:17,6
DA:27,1
DA:28,1
DA:29,1
DA:42,1
DA:43,1
DA:44,1
DA:46,0
DA:58,2
DA:59,2
DA:64,2
DA:65,2
DA:72,2
DA:73,1
DA:76,1
DA:78,1
DA:89,1
DA:99,0
DA:100,0
DA:108,0
DA:109,0
DA:110,0
DA:112,0
DA:123,0
DA:124,0
DA:125,0
DA:132,0
DA:134,0
DA:145,2
DA:146,2
DA:148,2
DA:154,2
DA:156,0
LF:39
LH:26
BRDA:72,0,0,1
BRF:1
BRH:1
end_of_record
TN:
SF:src/repositories/reminderRepository.ts
FN:16,(anonymous_0)
FN:26,(anonymous_1)
FN:52,(anonymous_2)
FN:78,(anonymous_3)
FN:104,(anonymous_4)
FN:114,(anonymous_5)
FN:140,(anonymous_6)
FNF:7
FNH:6
FNDA:9,(anonymous_0)
FNDA:1,(anonymous_1)
FNDA:2,(anonymous_2)
FNDA:2,(anonymous_3)
FNDA:1,(anonymous_4)
FNDA:1,(anonymous_5)
FNDA:0,(anonymous_6)
DA:1,1
DA:2,1
DA:3,1
DA:4,1
DA:5,1
DA:7,1
DA:12,1
DA:17,9
DA:27,1
DA:28,1
DA:37,1
DA:38,1
DA:39,1
DA:41,0
DA:53,2
DA:54,2
DA:55,2
DA:62,2
DA:63,1
DA:66,1
DA:68,1
DA:79,2
DA:80,2
DA:81,2
DA:88,2
DA:89,1
DA:92,1
DA:94,1
DA:105,1
DA:115,1
DA:116,1
DA:117,1
DA:128,1
DA:130,0
DA:141,0
LF:35
LH:32
BRDA:33,0,0,1
BRDA:33,0,1,0
BRDA:62,1,0,1
BRDA:88,2,0,1
BRF:4
BRH:3
end_of_record
TN:
SF:src/repositories/taskRepository.ts
FN:16,(anonymous_0)
FN:26,(anonymous_1)
FN:57,(anonymous_2)
FN:88,(anonymous_3)
FN:121,(anonymous_4)
FN:132,(anonymous_5)
FN:154,(anonymous_6)
FNF:7
FNH:6
FNDA:9,(anonymous_0)
FNDA:1,(anonymous_1)
FNDA:2,(anonymous_2)
FNDA:2,(anonymous_3)
FNDA:1,(anonymous_4)
FNDA:1,(anonymous_5)
FNDA:0,(anonymous_6)
DA:1,1
DA:2,1
DA:3,1
DA:4,1
DA:5,1
DA:7,1
DA:12,1
DA:17,9
DA:27,1
DA:28,1
DA:29,1
DA:42,1
DA:43,1
DA:44,1
DA:46,0
DA:58,2
DA:59,2
DA:64,2
DA:65,2
DA:72,2
DA:73,1
DA:76,1
DA:78,1
DA:89,2
DA:90,2
DA:91,2
DA:97,2
DA:98,2
DA:105,2
DA:106,1
DA:109,1
DA:111,1
DA:122,1
DA:133,1
DA:134,1
DA:135,1
DA:141,1
DA:143,0
DA:155,0
DA:156,0
DA:157,0
DA:169,0
DA:171,0
LF:43
LH:36
BRDA:34,0,0,1
BRDA:34,0,1,0
BRDA:35,1,0,1
BRDA:35,1,1,0
BRDA:72,2,0,1
BRDA:105,3,0,1
BRF:6
BRH:4
end_of_record
TN:
SF:src/services/messageService.ts
FN:18,(anonymous_0)
FN:28,(anonymous_1)
FN:39,(anonymous_2)
FN:47,(anonymous_3)
FN:54,(anonymous_4)
FNF:5
FNH:0
FNDA:0,(anonymous_0)
FNDA:0,(anonymous_1)
FNDA:0,(anonymous_2)
FNDA:0,(anonymous_3)
FNDA:0,(anonymous_4)
DA:6,0
DA:11,0
DA:19,0
DA:29,0
DA:40,0
DA:41,0
DA:44,0
DA:46,0
DA:47,0
DA:49,0
DA:51,0
DA:52,0
DA:54,0
LF:13
LH:0
BRDA:40,0,0,0
BRDA:51,1,0,0
BRDA:51,1,1,0
BRF:3
BRH:0
end_of_record
TN:
SF:src/utils/errors.ts
FN:17,(anonymous_0)
FN:28,(anonymous_1)
FN:45,(anonymous_2)
FN:54,(anonymous_3)
FN:63,(anonymous_4)
FN:72,(anonymous_5)
FN:81,(anonymous_6)
FN:90,(anonymous_7)
FN:99,(anonymous_8)
FN:107,formatZodError
FN:109,(anonymous_10)
FN:119,errorHandler
FNF:12
FNH:0
FNDA:0,(anonymous_0)
FNDA:0,(anonymous_1)
FNDA:0,(anonymous_2)
FNDA:0,(anonymous_3)
FNDA:0,(anonymous_4)
FNDA:0,(anonymous_5)
FNDA:0,(anonymous_6)
FNDA:0,(anonymous_7)
FNDA:0,(anonymous_8)
FNDA:0,formatZodError
FNDA:0,(anonymous_10)
FNDA:0,errorHandler
DA:5,0
DA:11,0
DA:18,0
DA:19,0
DA:20,0
DA:21,0
DA:22,0
DA:29,0
DA:44,0
DA:46,0
DA:53,0
DA:55,0
DA:62,0
DA:64,0
DA:71,0
DA:73,0
DA:80,0
DA:82,0
DA:89,0
DA:91,0
DA:98,0
DA:100,0
DA:107,0
DA:108,0
DA:109,0
DA:119,0
DA:120,0
DA:122,0
DA:123,0
DA:126,0
DA:127,0
DA:128,0
DA:131,0
DA:132,0
LF:34
LH:0
BRDA:45,0,0,0
BRDA:54,1,0,0
BRDA:63,2,0,0
BRDA:72,3,0,0
BRDA:81,4,0,0
BRDA:90,5,0,0
BRDA:99,6,0,0
BRDA:122,7,0,0
BRDA:126,8,0,0
BRF:9
BRH:0
end_of_record
